::1 - - [08/Feb/2022:04:01:12 +0000] "POST /api/user/signin HTTP/1.1" 200 340 "-" "PostmanRuntime/7.29.0"
::1 - - [08/Feb/2022:04:04:16 +0000] "POST /api/admin/signin HTTP/1.1" 200 347 "-" "PostmanRuntime/7.29.0"
::1 - - [08/Feb/2022:04:12:58 +0000] "POST /api/admin/signin HTTP/1.1" 200 347 "-" "PostmanRuntime/7.29.0"
::1 - - [08/Feb/2022:04:13:07 +0000] "POST /api/user/signin HTTP/1.1" 200 340 "-" "PostmanRuntime/7.29.0"
::1 - - [08/Feb/2022:04:36:18 +0000] "POST /api/category/create HTTP/1.1" 201 182 "-" "PostmanRuntime/7.29.0"
::1 - - [08/Feb/2022:04:37:44 +0000] "POST /api/category/create HTTP/1.1" 201 182 "-" "PostmanRuntime/7.29.0"
::1 - - [08/Feb/2022:04:38:23 +0000] "POST /api/category/create HTTP/1.1" 400 213 "-" "PostmanRuntime/7.29.0"
::1 - - [08/Feb/2022:04:38:56 +0000] "POST /api/category/create HTTP/1.1" 201 166 "-" "PostmanRuntime/7.29.0"
::1 - - [08/Feb/2022:04:39:01 +0000] "POST /api/category/create HTTP/1.1" 201 170 "-" "PostmanRuntime/7.29.0"
::1 - - [08/Feb/2022:04:39:29 +0000] "POST /api/category/create HTTP/1.1" 201 200 "-" "PostmanRuntime/7.29.0"
::1 - - [08/Feb/2022:04:45:33 +0000] "POST /api/category/create HTTP/1.1" 201 180 "-" "PostmanRuntime/7.29.0"
::1 - - [08/Feb/2022:04:50:38 +0000] "GET /api/category/getCa HTTP/1.1" 404 27 "-" "PostmanRuntime/7.29.0"
::1 - - [08/Feb/2022:04:51:12 +0000] "GET /api/category/getCategories HTTP/1.1" 200 819 "-" "PostmanRuntime/7.29.0"
::1 - - [08/Feb/2022:05:01:19 +0000] "POST /api/category/create HTTP/1.1" 401 36 "-" "PostmanRuntime/7.29.0"
::1 - - [08/Feb/2022:05:02:18 +0000] "POST /api/category/create HTTP/1.1" 403 27 "-" "PostmanRuntime/7.29.0"
::1 - - [08/Feb/2022:05:03:01 +0000] "POST /api/category/create HTTP/1.1" 403 27 "-" "PostmanRuntime/7.29.0"
::1 - - [08/Feb/2022:05:03:36 +0000] "POST /api/category/create HTTP/1.1" 403 27 "-" "PostmanRuntime/7.29.0"
::1 - - [08/Feb/2022:05:04:52 +0000] "POST /api/admin/signin HTTP/1.1" 200 347 "-" "PostmanRuntime/7.29.0"
::1 - - [08/Feb/2022:05:05:15 +0000] "POST /api/category/create HTTP/1.1" 403 27 "-" "PostmanRuntime/7.29.0"
::1 - - [08/Feb/2022:05:09:23 +0000] "POST /api/category/create HTTP/1.1" 403 27 "-" "PostmanRuntime/7.29.0"
::1 - - [08/Feb/2022:05:10:58 +0000] "POST /api/category/create HTTP/1.1" 403 27 "-" "PostmanRuntime/7.29.0"
::1 - - [08/Feb/2022:05:14:14 +0000] "POST /api/category/create HTTP/1.1" 403 27 "-" "PostmanRuntime/7.29.0"
::1 - - [08/Feb/2022:05:14:36 +0000] "POST /api/admin/signin HTTP/1.1" 200 367 "-" "PostmanRuntime/7.29.0"
::1 - - [08/Feb/2022:05:14:52 +0000] "POST /api/category/create HTTP/1.1" 400 211 "-" "PostmanRuntime/7.29.0"
::1 - - [08/Feb/2022:05:16:04 +0000] "POST /api/category/create HTTP/1.1" 201 174 "-" "PostmanRuntime/7.29.0"
::1 - - [08/Feb/2022:05:16:11 +0000] "POST /api/category/create HTTP/1.1" 201 172 "-" "PostmanRuntime/7.29.0"
::1 - - [08/Feb/2022:05:21:49 +0000] "GET /api/category/getCategories HTTP/1.1" 200 1127 "-" "PostmanRuntime/7.29.0"
::1 - - [08/Feb/2022:05:22:50 +0000] "POST /api/category/create HTTP/1.1" 201 212 "-" "PostmanRuntime/7.29.0"
::1 - - [08/Feb/2022:05:23:56 +0000] "GET /api/category/getCategories HTTP/1.1" 200 1320 "-" "PostmanRuntime/7.29.0"
::1 - - [08/Feb/2022:05:24:57 +0000] "POST /api/category/create HTTP/1.1" 201 208 "-" "PostmanRuntime/7.29.0"
::1 - - [08/Feb/2022:05:25:07 +0000] "POST /api/category/create HTTP/1.1" 201 212 "-" "PostmanRuntime/7.29.0"
::1 - - [08/Feb/2022:05:25:13 +0000] "POST /api/category/create HTTP/1.1" 201 212 "-" "PostmanRuntime/7.29.0"
::1 - - [08/Feb/2022:05:25:20 +0000] "GET /api/category/getCategories HTTP/1.1" 200 1895 "-" "PostmanRuntime/7.29.0"
::1 - - [08/Feb/2022:05:39:10 +0000] "GET /api/category/getCategories HTTP/1.1" 200 1895 "-" "PostmanRuntime/7.29.0"
::1 - - [08/Feb/2022:05:39:19 +0000] "GET /api/category/getCategories HTTP/1.1" 200 1895 "-" "PostmanRuntime/7.29.0"
::1 - - [08/Feb/2022:05:39:46 +0000] "GET /api/category/getCategories HTTP/1.1" 200 949 "-" "PostmanRuntime/7.29.0"
::1 - - [08/Feb/2022:05:42:33 +0000] "GET /api/category/getCategories HTTP/1.1" - - "-" "PostmanRuntime/7.29.0"
::1 - - [08/Feb/2022:05:42:37 +0000] "GET /api/category/getCategories HTTP/1.1" 200 949 "-" "PostmanRuntime/7.29.0"
::1 - - [08/Feb/2022:06:21:41 +0000] "POST /api/category/create HTTP/1.1" 201 212 "-" "PostmanRuntime/7.29.0"
::1 - - [08/Feb/2022:06:21:51 +0000] "POST /api/category/create HTTP/1.1" 201 216 "-" "PostmanRuntime/7.29.0"
::1 - - [08/Feb/2022:06:21:54 +0000] "GET /api/category/getCategories HTTP/1.1" 200 1118 "-" "PostmanRuntime/7.29.0"
::1 - - [08/Feb/2022:06:36:26 +0000] "GET /api/category/getCategories HTTP/1.1" 200 1183 "-" "PostmanRuntime/7.29.0"
::1 - - [08/Feb/2022:06:37:25 +0000] "GET /api/category/getCategories HTTP/1.1" 200 1183 "-" "PostmanRuntime/7.29.0"
::1 - - [08/Feb/2022:06:42:19 +0000] "GET /api/category/getCategories HTTP/1.1" 200 1105 "-" "PostmanRuntime/7.29.0"
::1 - - [08/Feb/2022:06:43:14 +0000] "POST /api/category/create HTTP/1.1" 201 241 "-" "PostmanRuntime/7.29.0"
::1 - - [08/Feb/2022:06:43:20 +0000] "GET /api/category/getCategories HTTP/1.1" 200 1215 "-" "PostmanRuntime/7.29.0"
::1 - - [08/Feb/2022:06:43:55 +0000] "GET /api/category/getCategories HTTP/1.1" 200 1299 "-" "PostmanRuntime/7.29.0"
::1 - - [08/Feb/2022:09:53:32 +0000] "POST /api/product/create HTTP/1.1" 401 36 "-" "PostmanRuntime/7.29.0"
::1 - - [08/Feb/2022:09:53:47 +0000] "POST /api/product/create HTTP/1.1" 200 25 "-" "PostmanRuntime/7.29.0"
::1 - - [08/Feb/2022:09:53:54 +0000] "POST /api/product/create HTTP/1.1" 401 36 "-" "PostmanRuntime/7.29.0"
::1 - - [08/Feb/2022:09:54:41 +0000] "POST /api/product/create HTTP/1.1" 200 25 "-" "PostmanRuntime/7.29.0"
::1 - - [08/Feb/2022:09:58:49 +0000] "POST /api/product/create HTTP/1.1" 200 25 "-" "PostmanRuntime/7.29.0"
::1 - - [08/Feb/2022:10:12:34 +0000] "POST /api/product/create HTTP/1.1" 200 268 "-" "PostmanRuntime/7.29.0"
::1 - - [08/Feb/2022:10:24:42 +0000] "POST /api/product/create HTTP/1.1" 500 126 "-" "PostmanRuntime/7.29.0"
::1 - - [08/Feb/2022:10:26:42 +0000] "POST /api/product/create HTTP/1.1" 500 151 "-" "PostmanRuntime/7.29.0"
::1 - - [08/Feb/2022:10:27:14 +0000] "POST /api/product/create HTTP/1.1" 200 250 "-" "PostmanRuntime/7.29.0"
::1 - - [08/Feb/2022:10:30:25 +0000] "POST /api/product/create HTTP/1.1" 500 156 "-" "PostmanRuntime/7.29.0"
::1 - - [08/Feb/2022:10:30:36 +0000] "POST /api/product/create HTTP/1.1" 200 341 "-" "PostmanRuntime/7.29.0"
::1 - - [08/Feb/2022:10:30:58 +0000] "POST /api/product/create HTTP/1.1" 200 341 "-" "PostmanRuntime/7.29.0"
::1 - - [08/Feb/2022:10:33:12 +0000] "POST /api/product/create HTTP/1.1" 200 27 "-" "PostmanRuntime/7.29.0"
::1 - - [08/Feb/2022:10:34:37 +0000] "POST /api/product/create HTTP/1.1" 200 655 "-" "PostmanRuntime/7.29.0"
::1 - - [08/Feb/2022:10:39:10 +0000] "POST /api/product/create HTTP/1.1" 200 963 "-" "PostmanRuntime/7.29.0"
::1 - - [08/Feb/2022:10:49:56 +0000] "POST /api/product/create HTTP/1.1" 200 343 "-" "PostmanRuntime/7.29.0"
::1 - - [08/Feb/2022:10:57:06 +0000] "POST /api/product/create HTTP/1.1" 400 1178 "-" "PostmanRuntime/7.29.0"
::1 - - [08/Feb/2022:10:57:17 +0000] "POST /api/product/create HTTP/1.1" 400 734 "-" "PostmanRuntime/7.29.0"
::1 - - [08/Feb/2022:10:59:01 +0000] "POST /api/product/create HTTP/1.1" 201 474 "-" "PostmanRuntime/7.29.0"
::1 - - [08/Feb/2022:11:02:15 +0000] "POST /api/product/create HTTP/1.1" 400 448 "-" "PostmanRuntime/7.29.0"
::1 - - [08/Feb/2022:11:03:19 +0000] "POST /api/product/create HTTP/1.1" 400 448 "-" "PostmanRuntime/7.29.0"
::1 - - [08/Feb/2022:11:03:31 +0000] "POST /api/product/create HTTP/1.1" 400 199 "-" "PostmanRuntime/7.29.0"
::1 - - [08/Feb/2022:11:05:44 +0000] "POST /api/product/create HTTP/1.1" 201 562 "-" "PostmanRuntime/7.29.0"
::1 - - [08/Feb/2022:11:18:24 +0000] "POST /api/product/create HTTP/1.1" 201 824 "-" "PostmanRuntime/7.29.0"
::1 - - [08/Feb/2022:11:21:23 +0000] "POST /api/product/create HTTP/1.1" 400 271 "-" "PostmanRuntime/7.29.0"
::1 - - [08/Feb/2022:11:22:28 +0000] "POST /api/product/create HTTP/1.1" 400 655 "-" "PostmanRuntime/7.29.0"
::1 - - [08/Feb/2022:11:22:36 +0000] "POST /api/product/create HTTP/1.1" 201 819 "-" "PostmanRuntime/7.29.0"
::1 - - [08/Feb/2022:11:23:43 +0000] "POST /api/product/create HTTP/1.1" 201 819 "-" "PostmanRuntime/7.29.0"
::1 - - [08/Feb/2022:11:25:33 +0000] "POST /api/product/create HTTP/1.1" 400 448 "-" "PostmanRuntime/7.29.0"
::1 - - [08/Feb/2022:11:26:02 +0000] "GET /api/category/getCategories HTTP/1.1" 200 1299 "-" "PostmanRuntime/7.29.0"
::1 - - [08/Feb/2022:11:26:46 +0000] "POST /api/product/create HTTP/1.1" 201 857 "-" "PostmanRuntime/7.29.0"
::1 - - [08/Feb/2022:11:57:34 +0000] "GET /api/category/getCategories HTTP/1.1" 200 1299 "-" "PostmanRuntime/7.29.0"
::1 - - [08/Feb/2022:11:57:52 +0000] "POST /api/cart/create HTTP/1.1" 401 36 "-" "PostmanRuntime/7.29.0"
::1 - - [08/Feb/2022:11:58:07 +0000] "POST /api/category/create HTTP/1.1" 400 233 "-" "PostmanRuntime/7.29.0"
::1 - - [08/Feb/2022:12:06:48 +0000] "POST /api/category/create HTTP/1.1" 201 241 "-" "PostmanRuntime/7.29.0"
::1 - - [08/Feb/2022:12:07:51 +0000] "POST /api/cart/create HTTP/1.1" 401 36 "-" "PostmanRuntime/7.29.0"
::1 - - [08/Feb/2022:12:08:33 +0000] "POST /api/user/signin HTTP/1.1" 200 359 "-" "PostmanRuntime/7.29.0"
::1 - - [08/Feb/2022:12:08:52 +0000] "POST /api/cart/create HTTP/1.1" 201 29 "-" "PostmanRuntime/7.29.0"
::1 - - [08/Feb/2022:12:10:58 +0000] "POST /api/user/cart/create HTTP/1.1" 404 27 "-" "PostmanRuntime/7.29.0"
::1 - - [08/Feb/2022:12:11:04 +0000] "POST /api/user/cart/addToCart HTTP/1.1" 201 29 "-" "PostmanRuntime/7.29.0"
::1 - - [08/Feb/2022:12:12:36 +0000] "POST /api/user/cart/addtocart HTTP/1.1" 201 29 "-" "PostmanRuntime/7.29.0"
::1 - - [08/Feb/2022:12:12:52 +0000] "POST /api/user/cart/addtocart HTTP/1.1" 201 29 "-" "PostmanRuntime/7.29.0"
::1 - - [08/Feb/2022:12:13:05 +0000] "POST /api/user/cart/addtocart HTTP/1.1" 201 29 "-" "PostmanRuntime/7.29.0"
::1 - - [08/Feb/2022:14:03:05 +0000] "POST /api/user/cart/addtocart HTTP/1.1" 201 262 "-" "PostmanRuntime/7.29.0"
::1 - - [08/Feb/2022:14:04:27 +0000] "POST /api/user/cart/addtocart HTTP/1.1" 201 262 "-" "PostmanRuntime/7.29.0"
::1 - - [08/Feb/2022:14:10:19 +0000] "POST /api/user/cart/addtocart HTTP/1.1" 201 262 "-" "PostmanRuntime/7.29.0"
::1 - - [08/Feb/2022:14:10:27 +0000] "POST /api/user/cart/addtocart HTTP/1.1" 201 262 "-" "PostmanRuntime/7.29.0"
::1 - - [08/Feb/2022:14:12:46 +0000] "POST /api/user/cart/addtocart HTTP/1.1" 201 262 "-" "PostmanRuntime/7.29.0"
::1 - - [08/Feb/2022:14:12:50 +0000] "POST /api/user/cart/addtocart HTTP/1.1" 201 262 "-" "PostmanRuntime/7.29.0"
::1 - - [08/Feb/2022:14:12:52 +0000] "POST /api/user/cart/addtocart HTTP/1.1" 201 262 "-" "PostmanRuntime/7.29.0"
::1 - - [08/Feb/2022:14:31:08 +0000] "POST /api/user/cart/addtocart HTTP/1.1" 201 262 "-" "PostmanRuntime/7.29.0"
::1 - - [08/Feb/2022:14:31:21 +0000] "POST /api/user/cart/addtocart HTTP/1.1" 201 347 "-" "PostmanRuntime/7.29.0"
::1 - - [08/Feb/2022:14:31:22 +0000] "POST /api/user/cart/addtocart HTTP/1.1" 201 432 "-" "PostmanRuntime/7.29.0"
::1 - - [08/Feb/2022:14:31:23 +0000] "POST /api/user/cart/addtocart HTTP/1.1" 201 517 "-" "PostmanRuntime/7.29.0"
::1 - - [08/Feb/2022:15:06:28 +0000] "POST /api/user/cart/addtocart HTTP/1.1" 201 262 "-" "PostmanRuntime/7.29.0"
::1 - - [08/Feb/2022:15:08:06 +0000] "POST /api/user/cart/addtocart HTTP/1.1" 201 347 "-" "PostmanRuntime/7.29.0"
::1 - - [08/Feb/2022:15:11:36 +0000] "POST /api/user/cart/addtocart HTTP/1.1" 201 262 "-" "PostmanRuntime/7.29.0"
::1 - - [08/Feb/2022:15:11:40 +0000] "POST /api/user/cart/addtocart HTTP/1.1" 201 262 "-" "PostmanRuntime/7.29.0"
::1 - - [08/Feb/2022:15:11:46 +0000] "POST /api/user/cart/addtocart HTTP/1.1" 201 262 "-" "PostmanRuntime/7.29.0"
::1 - - [08/Feb/2022:15:12:19 +0000] "POST /api/user/cart/addtocart HTTP/1.1" 400 884 "-" "PostmanRuntime/7.29.0"
::1 - - [08/Feb/2022:15:13:11 +0000] "POST /api/user/cart/addtocart HTTP/1.1" 201 262 "-" "PostmanRuntime/7.29.0"
::1 - - [08/Feb/2022:15:13:35 +0000] "POST /api/user/cart/addtocart HTTP/1.1" 201 262 "-" "PostmanRuntime/7.29.0"
::1 - - [08/Feb/2022:15:17:32 +0000] "POST /api/product/create HTTP/1.1" 201 1140 "-" "PostmanRuntime/7.29.0"
::1 - - [08/Feb/2022:15:18:10 +0000] "POST /api/user/cart/addtocart HTTP/1.1" 201 262 "-" "PostmanRuntime/7.29.0"
::1 - - [08/Feb/2022:15:19:14 +0000] "POST /api/user/cart/addtocart HTTP/1.1" 201 347 "-" "PostmanRuntime/7.29.0"
::1 - - [08/Feb/2022:15:19:52 +0000] "POST /api/user/cart/addtocart HTTP/1.1" 201 262 "-" "PostmanRuntime/7.29.0"
::1 - - [08/Feb/2022:15:19:56 +0000] "POST /api/user/cart/addtocart HTTP/1.1" 201 262 "-" "PostmanRuntime/7.29.0"
::1 - - [08/Feb/2022:15:20:27 +0000] "POST /api/user/cart/addtocart HTTP/1.1" 201 262 "-" "PostmanRuntime/7.29.0"
::1 - - [08/Feb/2022:15:20:56 +0000] "POST /api/user/cart/addtocart HTTP/1.1" 201 347 "-" "PostmanRuntime/7.29.0"
::1 - - [08/Feb/2022:15:30:25 +0000] "POST /api/user/cart/addtocart HTTP/1.1" 400 71 "-" "PostmanRuntime/7.29.0"
::1 - - [08/Feb/2022:15:30:33 +0000] "POST /api/user/cart/addtocart HTTP/1.1" 201 262 "-" "PostmanRuntime/7.29.0"
::1 - - [08/Feb/2022:15:31:15 +0000] "POST /api/user/cart/addtocart HTTP/1.1" 201 347 "-" "PostmanRuntime/7.29.0"
::1 - - [08/Feb/2022:15:34:56 +0000] "POST /api/user/cart/addtocart HTTP/1.1" 201 262 "-" "PostmanRuntime/7.29.0"
::1 - - [08/Feb/2022:15:35:29 +0000] "POST /api/user/cart/addtocart HTTP/1.1" 201 262 "-" "PostmanRuntime/7.29.0"
::1 - - [08/Feb/2022:15:36:11 +0000] "POST /api/user/cart/addtocart HTTP/1.1" 201 347 "-" "PostmanRuntime/7.29.0"
::1 - - [08/Feb/2022:15:36:47 +0000] "POST /api/user/cart/addtocart HTTP/1.1" 201 262 "-" "PostmanRuntime/7.29.0"
::1 - - [08/Feb/2022:15:41:38 +0000] "POST /api/user/cart/addtocart HTTP/1.1" 201 262 "-" "PostmanRuntime/7.29.0"
::1 - - [08/Feb/2022:15:41:46 +0000] "POST /api/user/cart/addtocart HTTP/1.1" 201 262 "-" "PostmanRuntime/7.29.0"
::1 - - [08/Feb/2022:15:43:15 +0000] "POST /api/user/cart/addtocart HTTP/1.1" 201 262 "-" "PostmanRuntime/7.29.0"
::1 - - [08/Feb/2022:15:43:44 +0000] "POST /api/user/cart/addtocart HTTP/1.1" 201 347 "-" "PostmanRuntime/7.29.0"
::1 - - [08/Feb/2022:15:44:07 +0000] "POST /api/user/cart/addtocart HTTP/1.1" 201 347 "-" "PostmanRuntime/7.29.0"
::1 - - [08/Feb/2022:15:47:19 +0000] "POST /api/user/cart/addtocart HTTP/1.1" 201 347 "-" "PostmanRuntime/7.29.0"
::1 - - [08/Feb/2022:15:47:51 +0000] "POST /api/user/cart/addtocart HTTP/1.1" 201 347 "-" "PostmanRuntime/7.29.0"
::1 - - [08/Feb/2022:15:49:37 +0000] "POST /api/user/cart/addtocart HTTP/1.1" 201 277 "-" "PostmanRuntime/7.29.0"
::1 - - [08/Feb/2022:15:49:42 +0000] "POST /api/user/cart/addtocart HTTP/1.1" 201 277 "-" "PostmanRuntime/7.29.0"
::1 - - [08/Feb/2022:15:50:39 +0000] "POST /api/user/cart/addtocart HTTP/1.1" 201 277 "-" "PostmanRuntime/7.29.0"
::1 - - [08/Feb/2022:15:50:48 +0000] "POST /api/user/cart/addtocart HTTP/1.1" 201 277 "-" "PostmanRuntime/7.29.0"
::1 - - [08/Feb/2022:15:51:08 +0000] "POST /api/user/cart/addtocart HTTP/1.1" 201 277 "-" "PostmanRuntime/7.29.0"
::1 - - [08/Feb/2022:15:51:57 +0000] "POST /api/user/cart/addtocart HTTP/1.1" 201 277 "-" "PostmanRuntime/7.29.0"
::1 - - [08/Feb/2022:15:52:20 +0000] "POST /api/user/cart/addtocart HTTP/1.1" 201 277 "-" "PostmanRuntime/7.29.0"
::1 - - [08/Feb/2022:15:52:25 +0000] "POST /api/user/cart/addtocart HTTP/1.1" 201 277 "-" "PostmanRuntime/7.29.0"
::1 - - [08/Feb/2022:15:52:29 +0000] "POST /api/user/cart/addtocart HTTP/1.1" 201 277 "-" "PostmanRuntime/7.29.0"
::1 - - [08/Feb/2022:15:52:53 +0000] "POST /api/user/cart/addtocart HTTP/1.1" 201 277 "-" "PostmanRuntime/7.29.0"
::1 - - [08/Feb/2022:15:53:09 +0000] "POST /api/user/cart/addtocart HTTP/1.1" 201 278 "-" "PostmanRuntime/7.29.0"
::1 - - [08/Feb/2022:15:59:07 +0000] "POST /api/user/cart/addtocart HTTP/1.1" 201 277 "-" "PostmanRuntime/7.29.0"
::1 - - [08/Feb/2022:15:59:13 +0000] "POST /api/user/cart/addtocart HTTP/1.1" 201 277 "-" "PostmanRuntime/7.29.0"
::1 - - [08/Feb/2022:15:59:27 +0000] "POST /api/user/cart/addtocart HTTP/1.1" 201 277 "-" "PostmanRuntime/7.29.0"
::1 - - [08/Feb/2022:16:00:05 +0000] "POST /api/user/cart/addtocart HTTP/1.1" 201 277 "-" "PostmanRuntime/7.29.0"
::1 - - [08/Feb/2022:16:00:22 +0000] "POST /api/user/cart/addtocart HTTP/1.1" 201 377 "-" "PostmanRuntime/7.29.0"
::1 - - [08/Feb/2022:16:00:59 +0000] "POST /api/user/cart/addtocart HTTP/1.1" 201 377 "-" "PostmanRuntime/7.29.0"
::1 - - [08/Feb/2022:16:01:12 +0000] "POST /api/user/cart/addtocart HTTP/1.1" 201 377 "-" "PostmanRuntime/7.29.0"
::1 - - [08/Feb/2022:16:13:48 +0000] "POST /api/admin/signin HTTP/1.1" 200 367 "-" "PostmanRuntime/7.29.0"
::1 - - [08/Feb/2022:16:15:30 +0000] "GET /api/category/getCategories HTTP/1.1" 200 1183 "-" "PostmanRuntime/7.29.0"
::1 - - [08/Feb/2022:16:18:23 +0000] "POST /api/category/create HTTP/1.1" 500 174 "-" "PostmanRuntime/7.29.0"
::1 - - [08/Feb/2022:16:18:54 +0000] "POST /api/category/create HTTP/1.1" 201 203 "-" "PostmanRuntime/7.29.0"
::1 - - [08/Feb/2022:16:27:49 +0000] "POST /api/category/create HTTP/1.1" 400 203 "-" "PostmanRuntime/7.29.0"
::1 - - [08/Feb/2022:16:28:20 +0000] "POST /api/category/create HTTP/1.1" 201 277 "-" "PostmanRuntime/7.29.0"
::1 - - [08/Feb/2022:16:28:40 +0000] "GET /public/wwySR6cEt-huawei-img.jpg HTTP/1.1" 404 27 "-" "Mozilla/5.0 (Windows NT 10.0; Win64; x64) AppleWebKit/537.36 (KHTML, like Gecko) Chrome/98.0.4758.80 Safari/537.36"
::1 - - [08/Feb/2022:16:28:41 +0000] "GET /images/icons/gear.png HTTP/1.1" 404 27 "http://localhost:2000/public/wwySR6cEt-huawei-img.jpg" "Mozilla/5.0 (Windows NT 10.0; Win64; x64) AppleWebKit/537.36 (KHTML, like Gecko) Chrome/98.0.4758.80 Safari/537.36"
::1 - - [08/Feb/2022:16:28:41 +0000] "GET /favicon.ico HTTP/1.1" 404 27 "http://localhost:2000/public/wwySR6cEt-huawei-img.jpg" "Mozilla/5.0 (Windows NT 10.0; Win64; x64) AppleWebKit/537.36 (KHTML, like Gecko) Chrome/98.0.4758.80 Safari/537.36"
::1 - - [08/Feb/2022:16:28:48 +0000] "GET /public/wwySR6cEt-huawei-img.jpg HTTP/1.1" 404 27 "-" "Mozilla/5.0 (Windows NT 10.0; Win64; x64) AppleWebKit/537.36 (KHTML, like Gecko) Chrome/98.0.4758.80 Safari/537.36"
::1 - - [08/Feb/2022:16:28:48 +0000] "GET /images/icons/gear.png HTTP/1.1" 404 27 "http://localhost:2000/public/wwySR6cEt-huawei-img.jpg" "Mozilla/5.0 (Windows NT 10.0; Win64; x64) AppleWebKit/537.36 (KHTML, like Gecko) Chrome/98.0.4758.80 Safari/537.36"
::1 - - [08/Feb/2022:16:28:57 +0000] "GET /public/wwySR6cEt-huawei-img.jpg HTTP/1.1" 404 27 "-" "Mozilla/5.0 (Windows NT 10.0; Win64; x64) AppleWebKit/537.36 (KHTML, like Gecko) Chrome/98.0.4758.80 Safari/537.36"
::1 - - [08/Feb/2022:16:28:57 +0000] "GET /images/icons/gear.png HTTP/1.1" 404 27 "http://localhost:2000/public/wwySR6cEt-huawei-img.jpg" "Mozilla/5.0 (Windows NT 10.0; Win64; x64) AppleWebKit/537.36 (KHTML, like Gecko) Chrome/98.0.4758.80 Safari/537.36"
::1 - - [08/Feb/2022:16:28:58 +0000] "GET /public/wwySR6cEt-huawei-img.jpg HTTP/1.1" 404 27 "-" "Mozilla/5.0 (Windows NT 10.0; Win64; x64) AppleWebKit/537.36 (KHTML, like Gecko) Chrome/98.0.4758.80 Safari/537.36"
::1 - - [08/Feb/2022:16:28:58 +0000] "GET /images/icons/gear.png HTTP/1.1" 404 27 "http://localhost:2000/public/wwySR6cEt-huawei-img.jpg" "Mozilla/5.0 (Windows NT 10.0; Win64; x64) AppleWebKit/537.36 (KHTML, like Gecko) Chrome/98.0.4758.80 Safari/537.36"
::1 - - [08/Feb/2022:16:29:44 +0000] "GET /public/wwySR6cEt-huawei-img.jpg HTTP/1.1" 404 27 "-" "Mozilla/5.0 (Windows NT 10.0; Win64; x64) AppleWebKit/537.36 (KHTML, like Gecko) Chrome/98.0.4758.80 Safari/537.36"
::1 - - [08/Feb/2022:16:29:45 +0000] "GET /images/icons/gear.png HTTP/1.1" 404 27 "http://localhost:2000/public/wwySR6cEt-huawei-img.jpg" "Mozilla/5.0 (Windows NT 10.0; Win64; x64) AppleWebKit/537.36 (KHTML, like Gecko) Chrome/98.0.4758.80 Safari/537.36"
::1 - - [08/Feb/2022:16:30:49 +0000] "GET /public/wwySR6cEt-huawei-img.jpg HTTP/1.1" 404 27 "-" "Mozilla/5.0 (Windows NT 10.0; Win64; x64) AppleWebKit/537.36 (KHTML, like Gecko) Chrome/98.0.4758.80 Safari/537.36"
::1 - - [08/Feb/2022:16:30:50 +0000] "GET /images/icons/gear.png HTTP/1.1" 404 27 "http://localhost:2000/public/wwySR6cEt-huawei-img.jpg" "Mozilla/5.0 (Windows NT 10.0; Win64; x64) AppleWebKit/537.36 (KHTML, like Gecko) Chrome/98.0.4758.80 Safari/537.36"
::1 - - [08/Feb/2022:16:30:50 +0000] "GET /public/wwySR6cEt-huawei-img.jpg HTTP/1.1" 404 27 "-" "Mozilla/5.0 (Windows NT 10.0; Win64; x64) AppleWebKit/537.36 (KHTML, like Gecko) Chrome/98.0.4758.80 Safari/537.36"
::1 - - [08/Feb/2022:16:30:50 +0000] "GET /images/icons/gear.png HTTP/1.1" 404 27 "http://localhost:2000/public/wwySR6cEt-huawei-img.jpg" "Mozilla/5.0 (Windows NT 10.0; Win64; x64) AppleWebKit/537.36 (KHTML, like Gecko) Chrome/98.0.4758.80 Safari/537.36"
::1 - - [08/Feb/2022:16:31:50 +0000] "GET /public/wwySR6cEt-huawei-img.jpg HTTP/1.1" 404 27 "-" "Mozilla/5.0 (Windows NT 10.0; Win64; x64) AppleWebKit/537.36 (KHTML, like Gecko) Chrome/98.0.4758.80 Safari/537.36"
::1 - - [08/Feb/2022:16:31:50 +0000] "GET /images/icons/gear.png HTTP/1.1" 404 27 "http://localhost:2000/public/wwySR6cEt-huawei-img.jpg" "Mozilla/5.0 (Windows NT 10.0; Win64; x64) AppleWebKit/537.36 (KHTML, like Gecko) Chrome/98.0.4758.80 Safari/537.36"
::1 - - [08/Feb/2022:16:31:51 +0000] "GET /public/wwySR6cEt-huawei-img.jpg HTTP/1.1" 404 27 "-" "Mozilla/5.0 (Windows NT 10.0; Win64; x64) AppleWebKit/537.36 (KHTML, like Gecko) Chrome/98.0.4758.80 Safari/537.36"
::1 - - [08/Feb/2022:16:31:51 +0000] "GET /images/icons/gear.png HTTP/1.1" 404 27 "http://localhost:2000/public/wwySR6cEt-huawei-img.jpg" "Mozilla/5.0 (Windows NT 10.0; Win64; x64) AppleWebKit/537.36 (KHTML, like Gecko) Chrome/98.0.4758.80 Safari/537.36"
::1 - - [08/Feb/2022:16:31:51 +0000] "GET /public/wwySR6cEt-huawei-img.jpg HTTP/1.1" 404 27 "-" "Mozilla/5.0 (Windows NT 10.0; Win64; x64) AppleWebKit/537.36 (KHTML, like Gecko) Chrome/98.0.4758.80 Safari/537.36"
::1 - - [08/Feb/2022:16:31:51 +0000] "GET /images/icons/gear.png HTTP/1.1" 404 27 "http://localhost:2000/public/wwySR6cEt-huawei-img.jpg" "Mozilla/5.0 (Windows NT 10.0; Win64; x64) AppleWebKit/537.36 (KHTML, like Gecko) Chrome/98.0.4758.80 Safari/537.36"
::1 - - [08/Feb/2022:16:31:52 +0000] "GET /public/wwySR6cEt-huawei-img.jpg HTTP/1.1" 404 27 "-" "Mozilla/5.0 (Windows NT 10.0; Win64; x64) AppleWebKit/537.36 (KHTML, like Gecko) Chrome/98.0.4758.80 Safari/537.36"
::1 - - [08/Feb/2022:16:31:52 +0000] "GET /images/icons/gear.png HTTP/1.1" 404 27 "http://localhost:2000/public/wwySR6cEt-huawei-img.jpg" "Mozilla/5.0 (Windows NT 10.0; Win64; x64) AppleWebKit/537.36 (KHTML, like Gecko) Chrome/98.0.4758.80 Safari/537.36"
::1 - - [08/Feb/2022:16:31:52 +0000] "GET /public/wwySR6cEt-huawei-img.jpg HTTP/1.1" 404 27 "-" "Mozilla/5.0 (Windows NT 10.0; Win64; x64) AppleWebKit/537.36 (KHTML, like Gecko) Chrome/98.0.4758.80 Safari/537.36"
::1 - - [08/Feb/2022:16:31:52 +0000] "GET /images/icons/gear.png HTTP/1.1" 404 27 "http://localhost:2000/public/wwySR6cEt-huawei-img.jpg" "Mozilla/5.0 (Windows NT 10.0; Win64; x64) AppleWebKit/537.36 (KHTML, like Gecko) Chrome/98.0.4758.80 Safari/537.36"
::1 - - [08/Feb/2022:16:31:52 +0000] "GET /public/wwySR6cEt-huawei-img.jpg HTTP/1.1" 404 27 "-" "Mozilla/5.0 (Windows NT 10.0; Win64; x64) AppleWebKit/537.36 (KHTML, like Gecko) Chrome/98.0.4758.80 Safari/537.36"
::1 - - [08/Feb/2022:16:31:53 +0000] "GET /images/icons/gear.png HTTP/1.1" 404 27 "http://localhost:2000/public/wwySR6cEt-huawei-img.jpg" "Mozilla/5.0 (Windows NT 10.0; Win64; x64) AppleWebKit/537.36 (KHTML, like Gecko) Chrome/98.0.4758.80 Safari/537.36"
::1 - - [08/Feb/2022:16:31:53 +0000] "GET /public/wwySR6cEt-huawei-img.jpg HTTP/1.1" 404 27 "-" "Mozilla/5.0 (Windows NT 10.0; Win64; x64) AppleWebKit/537.36 (KHTML, like Gecko) Chrome/98.0.4758.80 Safari/537.36"
::1 - - [08/Feb/2022:16:31:53 +0000] "GET /images/icons/gear.png HTTP/1.1" 404 27 "http://localhost:2000/public/wwySR6cEt-huawei-img.jpg" "Mozilla/5.0 (Windows NT 10.0; Win64; x64) AppleWebKit/537.36 (KHTML, like Gecko) Chrome/98.0.4758.80 Safari/537.36"
::1 - - [08/Feb/2022:16:31:53 +0000] "GET /public/wwySR6cEt-huawei-img.jpg HTTP/1.1" 404 27 "-" "Mozilla/5.0 (Windows NT 10.0; Win64; x64) AppleWebKit/537.36 (KHTML, like Gecko) Chrome/98.0.4758.80 Safari/537.36"
::1 - - [08/Feb/2022:16:31:53 +0000] "GET /images/icons/gear.png HTTP/1.1" 404 27 "http://localhost:2000/public/wwySR6cEt-huawei-img.jpg" "Mozilla/5.0 (Windows NT 10.0; Win64; x64) AppleWebKit/537.36 (KHTML, like Gecko) Chrome/98.0.4758.80 Safari/537.36"
::1 - - [08/Feb/2022:16:31:53 +0000] "GET /public/wwySR6cEt-huawei-img.jpg HTTP/1.1" 404 27 "-" "Mozilla/5.0 (Windows NT 10.0; Win64; x64) AppleWebKit/537.36 (KHTML, like Gecko) Chrome/98.0.4758.80 Safari/537.36"
::1 - - [08/Feb/2022:16:31:53 +0000] "GET /images/icons/gear.png HTTP/1.1" 404 27 "http://localhost:2000/public/wwySR6cEt-huawei-img.jpg" "Mozilla/5.0 (Windows NT 10.0; Win64; x64) AppleWebKit/537.36 (KHTML, like Gecko) Chrome/98.0.4758.80 Safari/537.36"
::1 - - [08/Feb/2022:16:31:54 +0000] "GET /public/wwySR6cEt-huawei-img.jpg HTTP/1.1" 404 27 "-" "Mozilla/5.0 (Windows NT 10.0; Win64; x64) AppleWebKit/537.36 (KHTML, like Gecko) Chrome/98.0.4758.80 Safari/537.36"
::1 - - [08/Feb/2022:16:31:54 +0000] "GET /images/icons/gear.png HTTP/1.1" 404 27 "http://localhost:2000/public/wwySR6cEt-huawei-img.jpg" "Mozilla/5.0 (Windows NT 10.0; Win64; x64) AppleWebKit/537.36 (KHTML, like Gecko) Chrome/98.0.4758.80 Safari/537.36"
::1 - - [08/Feb/2022:16:31:54 +0000] "GET /public/wwySR6cEt-huawei-img.jpg HTTP/1.1" 404 27 "-" "Mozilla/5.0 (Windows NT 10.0; Win64; x64) AppleWebKit/537.36 (KHTML, like Gecko) Chrome/98.0.4758.80 Safari/537.36"
::1 - - [08/Feb/2022:16:31:54 +0000] "GET /images/icons/gear.png HTTP/1.1" 404 27 "http://localhost:2000/public/wwySR6cEt-huawei-img.jpg" "Mozilla/5.0 (Windows NT 10.0; Win64; x64) AppleWebKit/537.36 (KHTML, like Gecko) Chrome/98.0.4758.80 Safari/537.36"
::1 - - [08/Feb/2022:16:31:54 +0000] "GET /public/wwySR6cEt-huawei-img.jpg HTTP/1.1" 404 27 "-" "Mozilla/5.0 (Windows NT 10.0; Win64; x64) AppleWebKit/537.36 (KHTML, like Gecko) Chrome/98.0.4758.80 Safari/537.36"
::1 - - [08/Feb/2022:16:31:54 +0000] "GET /images/icons/gear.png HTTP/1.1" 404 27 "http://localhost:2000/public/wwySR6cEt-huawei-img.jpg" "Mozilla/5.0 (Windows NT 10.0; Win64; x64) AppleWebKit/537.36 (KHTML, like Gecko) Chrome/98.0.4758.80 Safari/537.36"
::1 - - [08/Feb/2022:16:31:54 +0000] "GET /public/wwySR6cEt-huawei-img.jpg HTTP/1.1" 404 27 "-" "Mozilla/5.0 (Windows NT 10.0; Win64; x64) AppleWebKit/537.36 (KHTML, like Gecko) Chrome/98.0.4758.80 Safari/537.36"
::1 - - [08/Feb/2022:16:31:55 +0000] "GET /images/icons/gear.png HTTP/1.1" 404 27 "http://localhost:2000/public/wwySR6cEt-huawei-img.jpg" "Mozilla/5.0 (Windows NT 10.0; Win64; x64) AppleWebKit/537.36 (KHTML, like Gecko) Chrome/98.0.4758.80 Safari/537.36"
::1 - - [08/Feb/2022:16:31:55 +0000] "GET /public/wwySR6cEt-huawei-img.jpg HTTP/1.1" 404 27 "-" "Mozilla/5.0 (Windows NT 10.0; Win64; x64) AppleWebKit/537.36 (KHTML, like Gecko) Chrome/98.0.4758.80 Safari/537.36"
::1 - - [08/Feb/2022:16:31:55 +0000] "GET /images/icons/gear.png HTTP/1.1" 404 27 "http://localhost:2000/public/wwySR6cEt-huawei-img.jpg" "Mozilla/5.0 (Windows NT 10.0; Win64; x64) AppleWebKit/537.36 (KHTML, like Gecko) Chrome/98.0.4758.80 Safari/537.36"
::1 - - [08/Feb/2022:16:31:55 +0000] "GET /public/wwySR6cEt-huawei-img.jpg HTTP/1.1" 404 27 "-" "Mozilla/5.0 (Windows NT 10.0; Win64; x64) AppleWebKit/537.36 (KHTML, like Gecko) Chrome/98.0.4758.80 Safari/537.36"
::1 - - [08/Feb/2022:16:31:55 +0000] "GET /images/icons/gear.png HTTP/1.1" 404 27 "http://localhost:2000/public/wwySR6cEt-huawei-img.jpg" "Mozilla/5.0 (Windows NT 10.0; Win64; x64) AppleWebKit/537.36 (KHTML, like Gecko) Chrome/98.0.4758.80 Safari/537.36"
::1 - - [08/Feb/2022:16:33:27 +0000] "GET /public/wwySR6cEt-huawei-img.jpg HTTP/1.1" 404 27 "-" "Mozilla/5.0 (Windows NT 10.0; Win64; x64) AppleWebKit/537.36 (KHTML, like Gecko) Chrome/98.0.4758.80 Safari/537.36"
::1 - - [08/Feb/2022:16:33:27 +0000] "GET /images/icons/gear.png HTTP/1.1" 404 27 "http://localhost:2000/public/wwySR6cEt-huawei-img.jpg" "Mozilla/5.0 (Windows NT 10.0; Win64; x64) AppleWebKit/537.36 (KHTML, like Gecko) Chrome/98.0.4758.80 Safari/537.36"
::1 - - [08/Feb/2022:16:33:27 +0000] "GET /public/wwySR6cEt-huawei-img.jpg HTTP/1.1" 404 27 "-" "Mozilla/5.0 (Windows NT 10.0; Win64; x64) AppleWebKit/537.36 (KHTML, like Gecko) Chrome/98.0.4758.80 Safari/537.36"
::1 - - [08/Feb/2022:16:33:28 +0000] "GET /images/icons/gear.png HTTP/1.1" 404 27 "http://localhost:2000/public/wwySR6cEt-huawei-img.jpg" "Mozilla/5.0 (Windows NT 10.0; Win64; x64) AppleWebKit/537.36 (KHTML, like Gecko) Chrome/98.0.4758.80 Safari/537.36"
::1 - - [08/Feb/2022:16:33:28 +0000] "GET /public/wwySR6cEt-huawei-img.jpg HTTP/1.1" 404 27 "-" "Mozilla/5.0 (Windows NT 10.0; Win64; x64) AppleWebKit/537.36 (KHTML, like Gecko) Chrome/98.0.4758.80 Safari/537.36"
::1 - - [08/Feb/2022:16:33:28 +0000] "GET /images/icons/gear.png HTTP/1.1" 404 27 "http://localhost:2000/public/wwySR6cEt-huawei-img.jpg" "Mozilla/5.0 (Windows NT 10.0; Win64; x64) AppleWebKit/537.36 (KHTML, like Gecko) Chrome/98.0.4758.80 Safari/537.36"
::1 - - [08/Feb/2022:16:33:28 +0000] "GET /public/wwySR6cEt-huawei-img.jpg HTTP/1.1" 404 27 "-" "Mozilla/5.0 (Windows NT 10.0; Win64; x64) AppleWebKit/537.36 (KHTML, like Gecko) Chrome/98.0.4758.80 Safari/537.36"
::1 - - [08/Feb/2022:16:33:28 +0000] "GET /images/icons/gear.png HTTP/1.1" 404 27 "http://localhost:2000/public/wwySR6cEt-huawei-img.jpg" "Mozilla/5.0 (Windows NT 10.0; Win64; x64) AppleWebKit/537.36 (KHTML, like Gecko) Chrome/98.0.4758.80 Safari/537.36"
::1 - - [08/Feb/2022:16:33:28 +0000] "GET /public/wwySR6cEt-huawei-img.jpg HTTP/1.1" 404 27 "-" "Mozilla/5.0 (Windows NT 10.0; Win64; x64) AppleWebKit/537.36 (KHTML, like Gecko) Chrome/98.0.4758.80 Safari/537.36"
::1 - - [08/Feb/2022:16:33:28 +0000] "GET /images/icons/gear.png HTTP/1.1" 404 27 "http://localhost:2000/public/wwySR6cEt-huawei-img.jpg" "Mozilla/5.0 (Windows NT 10.0; Win64; x64) AppleWebKit/537.36 (KHTML, like Gecko) Chrome/98.0.4758.80 Safari/537.36"
::1 - - [08/Feb/2022:16:33:28 +0000] "GET /public/wwySR6cEt-huawei-img.jpg HTTP/1.1" 404 27 "-" "Mozilla/5.0 (Windows NT 10.0; Win64; x64) AppleWebKit/537.36 (KHTML, like Gecko) Chrome/98.0.4758.80 Safari/537.36"
::1 - - [08/Feb/2022:16:33:29 +0000] "GET /images/icons/gear.png HTTP/1.1" 404 27 "http://localhost:2000/public/wwySR6cEt-huawei-img.jpg" "Mozilla/5.0 (Windows NT 10.0; Win64; x64) AppleWebKit/537.36 (KHTML, like Gecko) Chrome/98.0.4758.80 Safari/537.36"
::1 - - [08/Feb/2022:16:33:50 +0000] "GET /wwySR6cEt-huawei-img.jpg HTTP/1.1" 404 27 "-" "Mozilla/5.0 (Windows NT 10.0; Win64; x64) AppleWebKit/537.36 (KHTML, like Gecko) Chrome/98.0.4758.80 Safari/537.36"
::1 - - [08/Feb/2022:16:33:51 +0000] "GET /images/icons/gear.png HTTP/1.1" 404 27 "http://localhost:2000/wwySR6cEt-huawei-img.jpg" "Mozilla/5.0 (Windows NT 10.0; Win64; x64) AppleWebKit/537.36 (KHTML, like Gecko) Chrome/98.0.4758.80 Safari/537.36"
::1 - - [08/Feb/2022:16:33:53 +0000] "GET /wwySR6cEt-huawei-img.jpg HTTP/1.1" 404 27 "-" "Mozilla/5.0 (Windows NT 10.0; Win64; x64) AppleWebKit/537.36 (KHTML, like Gecko) Chrome/98.0.4758.80 Safari/537.36"
::1 - - [08/Feb/2022:16:33:53 +0000] "GET /images/icons/gear.png HTTP/1.1" 404 27 "http://localhost:2000/wwySR6cEt-huawei-img.jpg" "Mozilla/5.0 (Windows NT 10.0; Win64; x64) AppleWebKit/537.36 (KHTML, like Gecko) Chrome/98.0.4758.80 Safari/537.36"
::ffff:127.0.0.1 - - [08/Feb/2022:16:34:04 +0000] "GET /wwySR6cEt-huawei-img.jpg HTTP/1.1" 404 163 "-" "Mozilla/5.0 (Windows NT 10.0; Win64; x64) AppleWebKit/537.36 (KHTML, like Gecko) Chrome/98.0.4758.80 Safari/537.36"
::ffff:127.0.0.1 - - [08/Feb/2022:16:34:08 +0000] "GET /wwySR6cEt-huawei-img.jpg HTTP/1.1" 404 163 "-" "Mozilla/5.0 (Windows NT 10.0; Win64; x64) AppleWebKit/537.36 (KHTML, like Gecko) Chrome/98.0.4758.80 Safari/537.36"
::ffff:127.0.0.1 - - [08/Feb/2022:16:34:17 +0000] "GET /public/wwySR6cEt-huawei-img.jpg HTTP/1.1" 404 170 "-" "Mozilla/5.0 (Windows NT 10.0; Win64; x64) AppleWebKit/537.36 (KHTML, like Gecko) Chrome/98.0.4758.80 Safari/537.36"
::ffff:127.0.0.1 - - [08/Feb/2022:16:34:19 +0000] "GET /public/wwySR6cEt-huawei-img.jpg HTTP/1.1" 404 170 "-" "Mozilla/5.0 (Windows NT 10.0; Win64; x64) AppleWebKit/537.36 (KHTML, like Gecko) Chrome/98.0.4758.80 Safari/537.36"
::ffff:127.0.0.1 - - [08/Feb/2022:16:34:24 +0000] "GET /wwySR6cEt-huawei-img.jpg HTTP/1.1" 404 163 "-" "Mozilla/5.0 (Windows NT 10.0; Win64; x64) AppleWebKit/537.36 (KHTML, like Gecko) Chrome/98.0.4758.80 Safari/537.36"
::ffff:127.0.0.1 - - [08/Feb/2022:16:34:25 +0000] "GET /wwySR6cEt-huawei-img.jpg HTTP/1.1" 404 163 "-" "Mozilla/5.0 (Windows NT 10.0; Win64; x64) AppleWebKit/537.36 (KHTML, like Gecko) Chrome/98.0.4758.80 Safari/537.36"
::ffff:127.0.0.1 - - [08/Feb/2022:16:34:26 +0000] "GET /wwySR6cEt-huawei-img.jpg HTTP/1.1" 404 163 "-" "Mozilla/5.0 (Windows NT 10.0; Win64; x64) AppleWebKit/537.36 (KHTML, like Gecko) Chrome/98.0.4758.80 Safari/537.36"
::ffff:127.0.0.1 - - [08/Feb/2022:16:34:32 +0000] "GET /wwySR6cEt-huawei-img.jpg HTTP/1.1" 404 163 "-" "Mozilla/5.0 (Windows NT 10.0; Win64; x64) AppleWebKit/537.36 (KHTML, like Gecko) Chrome/98.0.4758.80 Safari/537.36"
::1 - - [08/Feb/2022:16:34:42 +0000] "GET /public/wwySR6cEt-huawei-img.jpg HTTP/1.1" 404 170 "-" "Mozilla/5.0 (Windows NT 10.0; Win64; x64) AppleWebKit/537.36 (KHTML, like Gecko) Chrome/98.0.4758.80 Safari/537.36"
::1 - - [08/Feb/2022:16:34:45 +0000] "GET /wwySR6cEt-huawei-img.jpg HTTP/1.1" 404 163 "-" "Mozilla/5.0 (Windows NT 10.0; Win64; x64) AppleWebKit/537.36 (KHTML, like Gecko) Chrome/98.0.4758.80 Safari/537.36"
::1 - - [08/Feb/2022:16:36:43 +0000] "GET /wwySR6cEt-huawei-img.jpg HTTP/1.1" 404 163 "-" "Mozilla/5.0 (Windows NT 10.0; Win64; x64) AppleWebKit/537.36 (KHTML, like Gecko) Chrome/98.0.4758.80 Safari/537.36"
::1 - - [08/Feb/2022:16:36:44 +0000] "GET /wwySR6cEt-huawei-img.jpg HTTP/1.1" 404 163 "-" "Mozilla/5.0 (Windows NT 10.0; Win64; x64) AppleWebKit/537.36 (KHTML, like Gecko) Chrome/98.0.4758.80 Safari/537.36"
::1 - - [08/Feb/2022:16:36:44 +0000] "GET /wwySR6cEt-huawei-img.jpg HTTP/1.1" 404 163 "-" "Mozilla/5.0 (Windows NT 10.0; Win64; x64) AppleWebKit/537.36 (KHTML, like Gecko) Chrome/98.0.4758.80 Safari/537.36"
::1 - - [08/Feb/2022:16:36:44 +0000] "GET /wwySR6cEt-huawei-img.jpg HTTP/1.1" 404 163 "-" "Mozilla/5.0 (Windows NT 10.0; Win64; x64) AppleWebKit/537.36 (KHTML, like Gecko) Chrome/98.0.4758.80 Safari/537.36"
::1 - - [08/Feb/2022:16:36:45 +0000] "GET /wwySR6cEt-huawei-img.jpg HTTP/1.1" 404 163 "-" "Mozilla/5.0 (Windows NT 10.0; Win64; x64) AppleWebKit/537.36 (KHTML, like Gecko) Chrome/98.0.4758.80 Safari/537.36"
::1 - - [08/Feb/2022:16:36:45 +0000] "GET /wwySR6cEt-huawei-img.jpg HTTP/1.1" 404 163 "-" "Mozilla/5.0 (Windows NT 10.0; Win64; x64) AppleWebKit/537.36 (KHTML, like Gecko) Chrome/98.0.4758.80 Safari/537.36"
::1 - - [08/Feb/2022:16:36:46 +0000] "GET /wwySR6cEt-huawei-img.jpg HTTP/1.1" 404 163 "-" "Mozilla/5.0 (Windows NT 10.0; Win64; x64) AppleWebKit/537.36 (KHTML, like Gecko) Chrome/98.0.4758.80 Safari/537.36"
::1 - - [08/Feb/2022:16:36:46 +0000] "GET /wwySR6cEt-huawei-img.jpg HTTP/1.1" 404 163 "-" "Mozilla/5.0 (Windows NT 10.0; Win64; x64) AppleWebKit/537.36 (KHTML, like Gecko) Chrome/98.0.4758.80 Safari/537.36"
::1 - - [08/Feb/2022:16:36:46 +0000] "GET /wwySR6cEt-huawei-img.jpg HTTP/1.1" 404 163 "-" "Mozilla/5.0 (Windows NT 10.0; Win64; x64) AppleWebKit/537.36 (KHTML, like Gecko) Chrome/98.0.4758.80 Safari/537.36"
::1 - - [08/Feb/2022:16:36:46 +0000] "GET /wwySR6cEt-huawei-img.jpg HTTP/1.1" 404 163 "-" "Mozilla/5.0 (Windows NT 10.0; Win64; x64) AppleWebKit/537.36 (KHTML, like Gecko) Chrome/98.0.4758.80 Safari/537.36"
::1 - - [08/Feb/2022:16:36:46 +0000] "GET /wwySR6cEt-huawei-img.jpg HTTP/1.1" 404 163 "-" "Mozilla/5.0 (Windows NT 10.0; Win64; x64) AppleWebKit/537.36 (KHTML, like Gecko) Chrome/98.0.4758.80 Safari/537.36"
::1 - - [08/Feb/2022:16:36:59 +0000] "GET /public/wwySR6cEt-huawei-img.jpg HTTP/1.1" 404 170 "-" "Mozilla/5.0 (Windows NT 10.0; Win64; x64) AppleWebKit/537.36 (KHTML, like Gecko) Chrome/98.0.4758.80 Safari/537.36"
::1 - - [08/Feb/2022:16:37:03 +0000] "GET /wwySR6cEt-huawei-img.jpg HTTP/1.1" 404 163 "-" "Mozilla/5.0 (Windows NT 10.0; Win64; x64) AppleWebKit/537.36 (KHTML, like Gecko) Chrome/98.0.4758.80 Safari/537.36"
::1 - - [08/Feb/2022:16:38:02 +0000] "POST /api/category/create HTTP/1.1" 201 277 "-" "PostmanRuntime/7.29.0"
::1 - - [08/Feb/2022:16:38:08 +0000] "GET /public/rU8Uta9DC-huawei-img.jpg HTTP/1.1" 404 170 "-" "Mozilla/5.0 (Windows NT 10.0; Win64; x64) AppleWebKit/537.36 (KHTML, like Gecko) Chrome/98.0.4758.80 Safari/537.36"
::1 - - [08/Feb/2022:16:38:11 +0000] "GET /public/rU8Uta9DC-huawei-img.jpg HTTP/1.1" 404 170 "-" "Mozilla/5.0 (Windows NT 10.0; Win64; x64) AppleWebKit/537.36 (KHTML, like Gecko) Chrome/98.0.4758.80 Safari/537.36"
::1 - - [08/Feb/2022:16:38:15 +0000] "GET /rU8Uta9DC-huawei-img.jpg HTTP/1.1" 404 163 "-" "Mozilla/5.0 (Windows NT 10.0; Win64; x64) AppleWebKit/537.36 (KHTML, like Gecko) Chrome/98.0.4758.80 Safari/537.36"
::1 - - [08/Feb/2022:16:38:17 +0000] "GET /rU8Uta9DC-huawei-img.jpg HTTP/1.1" 404 163 "-" "Mozilla/5.0 (Windows NT 10.0; Win64; x64) AppleWebKit/537.36 (KHTML, like Gecko) Chrome/98.0.4758.80 Safari/537.36"
::1 - - [08/Feb/2022:16:38:58 +0000] "GET /rU8Uta9DC-huawei-img.jpg HTTP/1.1" 200 4634 "-" "Mozilla/5.0 (Windows NT 10.0; Win64; x64) AppleWebKit/537.36 (KHTML, like Gecko) Chrome/98.0.4758.80 Safari/537.36"
::1 - - [08/Feb/2022:16:39:06 +0000] "GET /public/rU8Uta9DC-huawei-img.jpg HTTP/1.1" 404 170 "-" "Mozilla/5.0 (Windows NT 10.0; Win64; x64) AppleWebKit/537.36 (KHTML, like Gecko) Chrome/98.0.4758.80 Safari/537.36"
::1 - - [08/Feb/2022:16:39:08 +0000] "GET /public/rU8Uta9DC-huawei-img.jpg HTTP/1.1" 404 170 "-" "Mozilla/5.0 (Windows NT 10.0; Win64; x64) AppleWebKit/537.36 (KHTML, like Gecko) Chrome/98.0.4758.80 Safari/537.36"
::1 - - [08/Feb/2022:16:39:17 +0000] "GET /wwySR6cEt-huawei-img.jpg HTTP/1.1" 404 163 "-" "Mozilla/5.0 (Windows NT 10.0; Win64; x64) AppleWebKit/537.36 (KHTML, like Gecko) Chrome/98.0.4758.80 Safari/537.36"
::1 - - [08/Feb/2022:16:39:19 +0000] "GET /wwySR6cEt-huawei-img.jpg HTTP/1.1" 404 163 "-" "Mozilla/5.0 (Windows NT 10.0; Win64; x64) AppleWebKit/537.36 (KHTML, like Gecko) Chrome/98.0.4758.80 Safari/537.36"
::1 - - [08/Feb/2022:16:39:19 +0000] "GET /wwySR6cEt-huawei-img.jpg HTTP/1.1" 404 163 "-" "Mozilla/5.0 (Windows NT 10.0; Win64; x64) AppleWebKit/537.36 (KHTML, like Gecko) Chrome/98.0.4758.80 Safari/537.36"
::1 - - [08/Feb/2022:16:40:19 +0000] "GET /rU8Uta9DC-huawei-img.jpg HTTP/1.1" 304 - "-" "Mozilla/5.0 (Windows NT 10.0; Win64; x64) AppleWebKit/537.36 (KHTML, like Gecko) Chrome/98.0.4758.80 Safari/537.36"
::1 - - [08/Feb/2022:16:40:35 +0000] "GET /rU8Uta9DC-huawei-img.jpg HTTP/1.1" 404 163 "-" "Mozilla/5.0 (Windows NT 10.0; Win64; x64) AppleWebKit/537.36 (KHTML, like Gecko) Chrome/98.0.4758.80 Safari/537.36"
::1 - - [08/Feb/2022:16:40:39 +0000] "GET /public/rU8Uta9DC-huawei-img.jpg HTTP/1.1" 200 4634 "-" "Mozilla/5.0 (Windows NT 10.0; Win64; x64) AppleWebKit/537.36 (KHTML, like Gecko) Chrome/98.0.4758.80 Safari/537.36"
::1 - - [08/Feb/2022:16:40:41 +0000] "GET /public/rU8Uta9DC-huawei-img.jpg HTTP/1.1" 304 - "-" "Mozilla/5.0 (Windows NT 10.0; Win64; x64) AppleWebKit/537.36 (KHTML, like Gecko) Chrome/98.0.4758.80 Safari/537.36"
